# JRE version: OpenJDK Runtime Environment (11.0.8+10) (build 11.0.8+10-b944.6842174)
# Java VM: OpenJDK 64-Bit Server VM (11.0.8+10-b944.6842174, mixed mode, tiered, compressed oops, g1 gc, windows-amd64)
Heap:
 garbage-first heap   total 131072K, used 32012K [0x00000000a0000000, 0x0000000100000000)
  region size 1024K, 20 young (20480K), 3 survivors (3072K)
 Metaspace       used 23146K, capacity 23627K, committed 23680K, reserved 1069056K
  class space    used 2998K, capacity 3175K, committed 3200K, reserved 1048576K
GC Heap History (10 events):
Event: 1.786 GC heap before
{Heap before GC invocations=0 (full 0):
 garbage-first heap   total 131072K, used 19456K [0x00000000a0000000, 0x0000000100000000)
  region size 1024K, 14 young (14336K), 0 survivors (0K)
 Metaspace       used 9522K, capacity 9729K, committed 9856K, reserved 1058816K
  class space    used 966K, capacity 1027K, committed 1152K, reserved 1048576K
}
Event: 1.792 GC heap after
{Heap after GC invocations=1 (full 0):
 garbage-first heap   total 131072K, used 7226K [0x00000000a0000000, 0x0000000100000000)
  region size 1024K, 2 young (2048K), 2 survivors (2048K)
 Metaspace       used 9522K, capacity 9729K, committed 9856K, reserved 1058816K
  class space    used 966K, capacity 1027K, committed 1152K, reserved 1048576K
}
Event: 2.231 GC heap before
{Heap before GC invocations=1 (full 0):
 garbage-first heap   total 131072K, used 19514K [0x00000000a0000000, 0x0000000100000000)
  region size 1024K, 14 young (14336K), 2 survivors (2048K)
 Metaspace       used 10733K, capacity 10935K, committed 11264K, reserved 1058816K
  class space    used 1132K, capacity 1194K, committed 1280K, reserved 1048576K
}
Event: 2.234 GC heap after
{Heap after GC invocations=2 (full 0):
 garbage-first heap   total 131072K, used 7792K [0x00000000a0000000, 0x0000000100000000)
  region size 1024K, 1 young (1024K), 1 survivors (1024K)
 Metaspace       used 10733K, capacity 10935K, committed 11264K, reserved 1058816K
  class space    used 1132K, capacity 1194K, committed 1280K, reserved 1048576K
}
Event: 3.481 GC heap before
{Heap before GC invocations=2 (full 0):
 garbage-first heap   total 131072K, used 36464K [0x00000000a0000000, 0x0000000100000000)
  region size 1024K, 30 young (30720K), 1 survivors (1024K)
 Metaspace       used 13380K, capacity 13658K, committed 13952K, reserved 1060864K
  class space    used 1493K, capacity 1571K, committed 1664K, reserved 1048576K
}
Event: 3.487 GC heap after
{Heap after GC invocations=3 (full 0):
 garbage-first heap   total 131072K, used 12807K [0x00000000a0000000, 0x0000000100000000)
  region size 1024K, 4 young (4096K), 4 survivors (4096K)
 Metaspace       used 13380K, capacity 13658K, committed 13952K, reserved 1060864K
  class space    used 1493K, capacity 1571K, committed 1664K, reserved 1048576K
}
Event: 15.505 GC heap before
{Heap before GC invocations=3 (full 0):
 garbage-first heap   total 131072K, used 54791K [0x00000000a0000000, 0x0000000100000000)
  region size 1024K, 45 young (46080K), 4 survivors (4096K)
 Metaspace       used 20774K, capacity 21149K, committed 21248K, reserved 1067008K
  class space    used 2613K, capacity 2754K, committed 2816K, reserved 1048576K
}
Event: 15.512 GC heap after
{Heap after GC invocations=4 (full 0):
 garbage-first heap   total 131072K, used 15617K [0x00000000a0000000, 0x0000000100000000)
  region size 1024K, 3 young (3072K), 3 survivors (3072K)
 Metaspace       used 20774K, capacity 21149K, committed 21248K, reserved 1067008K
  class space    used 2613K, capacity 2754K, committed 2816K, reserved 1048576K
}
Event: 15.522 GC heap before
{Heap before GC invocations=4 (full 0):
 garbage-first heap   total 131072K, used 15617K [0x00000000a0000000, 0x0000000100000000)
  region size 1024K, 4 young (4096K), 3 survivors (3072K)
 Metaspace       used 20784K, capacity 21149K, committed 21248K, reserved 1067008K
  class space    used 2615K, capacity 2754K, committed 2816K, reserved 1048576K
}
Event: 15.528 GC heap after
{Heap after GC invocations=5 (full 0):
 garbage-first heap   total 131072K, used 15628K [0x00000000a0000000, 0x0000000100000000)
  region size 1024K, 3 young (3072K), 3 survivors (3072K)
 Metaspace       used 20784K, capacity 21149K, committed 21248K, reserved 1067008K
  class space    used 2615K, capacity 2754K, committed 2816K, reserved 1048576K
}

